1666393789422	geckodriver	INFO	Listening on 127.0.0.1:53417
1666393792451	mozrunner::runner	INFO	Running command: "C:\\Program Files\\Mozilla Firefox\\firefox.exe" "--marionette" "--remote-debugging-port" "53418" "--remote-allow-hosts" "localhost" "-no-remote" "-profile" "C:\\Users\\Zachary\\AppData\\Local\\Temp\\rust_mozprofileZnE8z4"
1666393793061	Marionette	INFO	Marionette enabled
1666393793065	Marionette	INFO	Listening on port 53434
Read port: 53434
WebDriver BiDi listening on ws://127.0.0.1:53418
1666393793180	RemoteAgent	WARN	TLS certificate errors will be ignored for this session
console.warn: SearchSettings: "get: No settings file exists, new profile?" (new NotFoundError("Could not open the file at C:\\Users\\Zachary\\AppData\\Local\\Temp\\rust_mozprofileZnE8z4\\search.json.mozlz4", (void 0)))
DevTools listening on ws://127.0.0.1:53418/devtools/browser/81409fbf-a8c7-4bb4-a789-e9e0339f3ad5
JavaScript warning: https://www.trentu.ca/cois/sites/all/modules/jquery_update/replace/jquery/1.10/jquery.min.js?v=1.10.2, line 2: Using //@ to indicate sourceMappingURL pragmas is deprecated. Use //# instead
1666393806122	Marionette	INFO	Stopped listening on port 53434
console.warn: TopSitesFeed: Failed to fetch data from Contile server: NetworkError when attempting to fetch resource.
1666393859538	geckodriver	INFO	Listening on 127.0.0.1:53635
1666393862568	mozrunner::runner	INFO	Running command: "C:\\Program Files\\Mozilla Firefox\\firefox.exe" "--marionette" "--remote-debugging-port" "53636" "--remote-allow-hosts" "localhost" "-no-remote" "-profile" "C:\\Users\\Zachary\\AppData\\Local\\Temp\\rust_mozprofileDe7ou8"
1666393862869	Marionette	INFO	Marionette enabled
1666393862873	Marionette	INFO	Listening on port 53651
Read port: 53651
WebDriver BiDi listening on ws://127.0.0.1:53636
1666393862965	RemoteAgent	WARN	TLS certificate errors will be ignored for this session
console.warn: SearchSettings: "get: No settings file exists, new profile?" (new NotFoundError("Could not open the file at C:\\Users\\Zachary\\AppData\\Local\\Temp\\rust_mozprofileDe7ou8\\search.json.mozlz4", (void 0)))
DevTools listening on ws://127.0.0.1:53636/devtools/browser/96b7740d-a478-4248-baf7-3ab4ed91bfb9
JavaScript warning: https://www.trentu.ca/cois/sites/all/modules/jquery_update/replace/jquery/1.10/jquery.min.js?v=1.10.2, line 2: Using //@ to indicate sourceMappingURL pragmas is deprecated. Use //# instead
1666393870050	Marionette	INFO	Stopped listening on port 53651
console.warn: TopSitesFeed: Failed to fetch data from Contile server: NetworkError when attempting to fetch resource.
1666393977131	geckodriver	INFO	Listening on 127.0.0.1:53896
1666393980192	mozrunner::runner	INFO	Running command: "C:\\Program Files\\Mozilla Firefox\\firefox.exe" "--marionette" "--remote-debugging-port" "53897" "--remote-allow-hosts" "localhost" "-no-remote" "-profile" "C:\\Users\\Zachary\\AppData\\Local\\Temp\\rust_mozprofileWd2UcD"
1666393980494	Marionette	INFO	Marionette enabled
1666393980498	Marionette	INFO	Listening on port 53911
Read port: 53911
WebDriver BiDi listening on ws://127.0.0.1:53897
1666393980591	RemoteAgent	WARN	TLS certificate errors will be ignored for this session
console.warn: SearchSettings: "get: No settings file exists, new profile?" (new NotFoundError("Could not open the file at C:\\Users\\Zachary\\AppData\\Local\\Temp\\rust_mozprofileWd2UcD\\search.json.mozlz4", (void 0)))
DevTools listening on ws://127.0.0.1:53897/devtools/browser/729993ac-fe63-4458-94da-b562502d0378
JavaScript warning: https://www.trentu.ca/cois/sites/all/modules/jquery_update/replace/jquery/1.10/jquery.min.js?v=1.10.2, line 2: Using //@ to indicate sourceMappingURL pragmas is deprecated. Use //# instead
1666393987266	Marionette	INFO	Stopped listening on port 53911
console.warn: TopSitesFeed: Failed to fetch data from Contile server: NetworkError when attempting to fetch resource.
1666393997300	geckodriver	INFO	Listening on 127.0.0.1:54054
1666394000350	mozrunner::runner	INFO	Running command: "C:\\Program Files\\Mozilla Firefox\\firefox.exe" "--marionette" "--remote-debugging-port" "54055" "--remote-allow-hosts" "localhost" "-no-remote" "-profile" "C:\\Users\\Zachary\\AppData\\Local\\Temp\\rust_mozprofile4MedKy"
1666394000649	Marionette	INFO	Marionette enabled
1666394000653	Marionette	INFO	Listening on port 54071
Read port: 54071
WebDriver BiDi listening on ws://127.0.0.1:54055
1666394000751	RemoteAgent	WARN	TLS certificate errors will be ignored for this session
console.warn: SearchSettings: "get: No settings file exists, new profile?" (new NotFoundError("Could not open the file at C:\\Users\\Zachary\\AppData\\Local\\Temp\\rust_mozprofile4MedKy\\search.json.mozlz4", (void 0)))
DevTools listening on ws://127.0.0.1:54055/devtools/browser/5ae2ef65-f9bf-4a9b-9f9a-4e1eccc13cee
JavaScript warning: https://www.trentu.ca/cois/sites/all/modules/jquery_update/replace/jquery/1.10/jquery.min.js?v=1.10.2, line 2: Using //@ to indicate sourceMappingURL pragmas is deprecated. Use //# instead
1666394004529	Marionette	INFO	Stopped listening on port 54071
1666394073007	geckodriver	INFO	Listening on 127.0.0.1:54296
1666394076038	mozrunner::runner	INFO	Running command: "C:\\Program Files\\Mozilla Firefox\\firefox.exe" "--marionette" "--remote-debugging-port" "54297" "--remote-allow-hosts" "localhost" "-no-remote" "-profile" "C:\\Users\\Zachary\\AppData\\Local\\Temp\\rust_mozprofilevuuw5o"
1666394076324	Marionette	INFO	Marionette enabled
1666394076328	Marionette	INFO	Listening on port 54311
Read port: 54311
WebDriver BiDi listening on ws://127.0.0.1:54297
1666394076419	RemoteAgent	WARN	TLS certificate errors will be ignored for this session
console.warn: SearchSettings: "get: No settings file exists, new profile?" (new NotFoundError("Could not open the file at C:\\Users\\Zachary\\AppData\\Local\\Temp\\rust_mozprofilevuuw5o\\search.json.mozlz4", (void 0)))
DevTools listening on ws://127.0.0.1:54297/devtools/browser/a5848613-05e8-40ed-bbb8-6b2511884e7c
JavaScript warning: https://www.trentu.ca/cois/sites/all/modules/jquery_update/replace/jquery/1.10/jquery.min.js?v=1.10.2, line 2: Using //@ to indicate sourceMappingURL pragmas is deprecated. Use //# instead
1666394084163	Marionette	INFO	Stopped listening on port 54311
console.warn: TopSitesFeed: Failed to fetch data from Contile server: NetworkError when attempting to fetch resource.
1666394158347	geckodriver	INFO	Listening on 127.0.0.1:54526
1666394161395	mozrunner::runner	INFO	Running command: "C:\\Program Files\\Mozilla Firefox\\firefox.exe" "--marionette" "--remote-debugging-port" "54527" "--remote-allow-hosts" "localhost" "-no-remote" "-profile" "C:\\Users\\Zachary\\AppData\\Local\\Temp\\rust_mozprofileDEpRSC"
1666394161690	Marionette	INFO	Marionette enabled
1666394161695	Marionette	INFO	Listening on port 54541
Read port: 54541
WebDriver BiDi listening on ws://127.0.0.1:54527
1666394161788	RemoteAgent	WARN	TLS certificate errors will be ignored for this session
console.warn: SearchSettings: "get: No settings file exists, new profile?" (new NotFoundError("Could not open the file at C:\\Users\\Zachary\\AppData\\Local\\Temp\\rust_mozprofileDEpRSC\\search.json.mozlz4", (void 0)))
DevTools listening on ws://127.0.0.1:54527/devtools/browser/a7a8fd60-1f34-4cd9-859c-e1094d27c97e
JavaScript warning: https://www.trentu.ca/cois/sites/all/modules/jquery_update/replace/jquery/1.10/jquery.min.js?v=1.10.2, line 2: Using //@ to indicate sourceMappingURL pragmas is deprecated. Use //# instead
1666395007101	Marionette	INFO	Stopped listening on port 54541
console.warn: TopSitesFeed: Failed to fetch data from Contile server: NetworkError when attempting to fetch resource.
[Parent 36124, IPC I/O Parent] WARNING: DuplicateHandle failed for handle 0 in TransferHandles: file /builds/worker/checkouts/gecko/ipc/chromium/src/chrome/common/ipc_channel_win.cc:723
arionette enabled
1666394232114	Marionette	INFO	Listening on port 54762
Read port: 54762
WebDriver BiDi listening on ws://127.0.0.1:54745
1666394232203	RemoteAgent	WARN	TLS certificate errors will be ignored for this session
console.warn: SearchSettings: "get: No settings file exists, new profile?" (new NotFoundError("Could not open the file at C:\\Users\\Zachary\\AppData\\Local\\Temp\\rust_mozprofileyzBYLj\\search.json.mozlz4", (void 0)))
DevTools listening on ws://127.0.0.1:54745/devtools/browser/940787ca-a682-4908-8f96-a39bfebfdcc8
JavaScript warning: https://www.trentu.ca/cois/sites/all/modules/jquery_update/replace/jquery/1.10/jquery.min.js?v=1.10.2, line 2: Using //@ to indicate sourceMappingURL pragmas is deprecated. Use //# instead
SourceActor threw an exception: [Exception... "Failed to open input source 'resource://gre/modules/ExtensionContent.jsm'"  nsresult: "0x805303f4 (<unknown>)"  location: "JS frame :: resource://devtools/shared/DevToolsUtils.js :: mainThreadFetch/< :: line 698"  data: yes]
Stack: mainThreadFetch/<@resource://devtools/shared/DevToolsUtils.js:698:15
mainThreadFetch@resource://devtools/shared/DevToolsUtils.js:542:10
_fetchURLContents@resource://devtools/server/actors/utils/sources-manager.js:445:22
urlContents@resource://devtools/server/actors/utils/sources-manager.js:409:17
_resurrectSource@resource://devtools/server/actors/thread.js:2149:35
addAllSources@resource://devtools/server/actors/thread.js:1481:14
watch@resource://devtools/server/actors/resources/sources.js:76:17
watchResources@resource://devtools/server/actors/resources/index.js:302:19
addSessionDataEntry@resource://devtools/server/actors/targets/session-data-processors/resources.js:11:21
addSessionDataEntry@resource://devtools/server/actors/targets/target-actor-mixin.js:44:25
_addSessionDataEntry@resource://devtools/server/connectors/js-window-actor/DevToolsFrameChild.sys.mjs:530:24
receiveMessage@resource://devtools/server/connectors/js-window-actor/DevToolsFrameChild.sys.mjs:439:21
Line: 698, column: 0
console.error: ({})
SourceActor threw an exception: [Exception... "Failed to open input source 'moz-extension://f291c83a-24e1-4681-a055-68501e668890/injections/js/bug1772949-youtube-webshare-shim.js'"  nsresult: "0x805303f4 (<unknown>)"  location: "JS frame :: resource://devtools/shared/DevToolsUtils.js :: mainThreadFetch/< :: line 698"  data: yes]
Stack: mainThreadFetch/<@resource://devtools/shared/DevToolsUtils.js:698:15
mainThreadFetch@resource://devtools/shared/DevToolsUtils.js:542:10
_fetchURLContents@resource://devtools/server/actors/utils/sources-manager.js:445:22
urlContents@resource://devtools/server/actors/utils/sources-manager.js:409:17
_resurrectSource@resource://devtools/server/actors/thread.js:2149:35
addAllSources@resource://devtools/server/actors/thread.js:1481:14
watch@resource://devtools/server/actors/resources/sources.js:76:17
watchResources@resource://devtools/server/actors/resources/index.js:302:19
addSessionDataEntry@resource://devtools/server/actors/targets/session-data-processors/resources.js:11:21
addSessionDataEntry@resource://devtools/server/actors/targets/target-actor-mixin.js:44:25
_addSessionDataEntry@resource://devtools/server/connectors/js-window-actor/DevToolsFrameChild.sys.mjs:530:24
receiveMessage@resource://devtools/server/connectors/js-window-actor/DevToolsFrameChild.sys.mjs:439:21
Line: 698, column: 0
console.error: ({})
JavaScript error: resource://devtools/shared/DevToolsUtils.js, line 698: Failed to open input source 'resource://gre/modules/ExtensionContent.jsm'
JavaScript error: resource://devtools/shared/DevToolsUtils.js, line 698: Failed to open input source 'moz-extension://f291c83a-24e1-4681-a055-68501e668890/injections/js/bug1772949-youtube-webshare-shim.js'
JavaScript error: resource://gre/modules/AsyncShutdown.jsm, line 576: NotFoundError: No such JSWindowActor 'DevToolsFrame'
JavaScript error: resource://gre/modules/AsyncShutdown.jsm, line 576: NotFoundError: No such JSWindowActor 'DevToolsFrame'
JavaScript error: resource://gre/modules/AsyncShutdown.jsm, line 576: NotFoundError: No such JSWindowActor 'DevToolsFrame'
JavaScript error: resource://gre/modules/AsyncShutdown.jsm, line 576: NotFoundError: No such JSWindowActor 'DevToolsFrame'
JavaScript error: resource://gre/modules/AsyncShutdown.jsm, line 576: NotFoundError: No such JSWindowActor 'DevToolsFrame'
JavaScript error: resource://gre/modules/AsyncShutdown.jsm, line 576: NotFoundError: No such JSWindowActor 'DevToolsFrame'
JavaScript error: resource://gre/modules/AsyncShutdown.jsm, line 576: NotFoundError: No such JSWindowActor 'DevToolsFrame'
JavaScript error: resource://gre/modules/AsyncShutdown.jsm, line 576: NotFoundError: No such JSWindowActor 'DevToolsFrame'
JavaScript error: resource://gre/modules/AsyncShutdown.jsm, line 576: NotFoundError: No such JSWindowActor 'DevToolsFrame'
JavaScript error: resource://gre/modules/AsyncShutdown.jsm, line 576: NotFoundError: No such JSWindowActor 'DevToolsFrame'
JavaScript error: resource://gre/modules/AsyncShutdown.jsm, line 576: NotFoundError: No such JSWindowActor 'DevToolsFrame'
JavaScript error: resource://gre/modules/AsyncShutdown.jsm, line 576: NotFoundError: No such JSWindowActor 'DevToolsFrame'
1666394272492	Marionette	INFO	Stopped listening on port 54762
1666394355872	geckodriver	INFO	Listening on 127.0.0.1:55034
1666394358946	mozrunner::runner	INFO	Running command: "C:\\Program Files\\Mozilla Firefox\\firefox.exe" "--marionette" "--remote-debugging-port" "55035" "--remote-allow-hosts" "localhost" "-no-remote" "-profile" "C:\\Users\\Zachary\\AppData\\Local\\Temp\\rust_mozprofiles0t2ef"
1666394359594	Marionette	INFO	Marionette enabled
1666394359599	Marionette	INFO	Listening on port 55054
Read port: 55054
WebDriver BiDi listening on ws://127.0.0.1:55035
1666394359711	RemoteAgent	WARN	TLS certificate errors will be ignored for this session
console.warn: SearchSettings: "get: No settings file exists, new profile?" (new NotFoundError("Could not open the file at C:\\Users\\Zachary\\AppData\\Local\\Temp\\rust_mozprofiles0t2ef\\search.json.mozlz4", (void 0)))
DevTools listening on ws://127.0.0.1:55035/devtools/browser/756500c1-21f4-4ff5-bfef-330d64ff5023
JavaScript warning: https://www.trentu.ca/cois/sites/all/modules/jquery_update/replace/jquery/1.10/jquery.min.js?v=1.10.2, line 2: Using //@ to indicate sourceMappingURL pragmas is deprecated. Use //# instead
1666394374007	Marionette	INFO	Stopped listening on port 55054
console.warn: TopSitesFeed: Failed to fetch data from Contile server: NetworkError when attempting to fetch resource.
1666394388855	geckodriver	INFO	Listening on 127.0.0.1:62957
1666394391896	mozrunner::runner	INFO	Running command: "C:\\Program Files\\Mozilla Firefox\\firefox.exe" "--marionette" "--remote-debugging-port" "62958" "--remote-allow-hosts" "localhost" "-no-remote" "-profile" "C:\\Users\\Zachary\\AppData\\Local\\Temp\\rust_mozprofileGJk1BW"
1666394392300	Marionette	INFO	Marionette enabled
1666394392306	Marionette	INFO	Listening on port 62972
Read port: 62972
WebDriver BiDi listening on ws://127.0.0.1:62958
1666394392415	RemoteAgent	WARN	TLS certificate errors will be ignored for this session
console.warn: SearchSettings: "get: No settings file exists, new profile?" (new NotFoundError("Could not open the file at C:\\Users\\Zachary\\AppData\\Local\\Temp\\rust_mozprofileGJk1BW\\search.json.mozlz4", (void 0)))
DevTools listening on ws://127.0.0.1:62958/devtools/browser/84521cdc-a06e-4638-b840-1094f639adc7
JavaScript warning: https://www.trentu.ca/cois/sites/all/modules/jquery_update/replace/jquery/1.10/jquery.min.js?v=1.10.2, line 2: Using //@ to indicate sourceMappingURL pragmas is deprecated. Use //# instead
1666394396481	Marionette	INFO	Stopped listening on port 62972
1666417987386	geckodriver	INFO	Listening on 127.0.0.1:57824
1666417990426	mozrunner::runner	INFO	Running command: "C:\\Program Files\\Mozilla Firefox\\firefox.exe" "--marionette" "--remote-debugging-port" "57825" "--remote-allow-hosts" "localhost" "-no-remote" "-profile" "C:\\Users\\Zachary\\AppData\\Local\\Temp\\rust_mozprofile0qZkz4"
1666417991157	Marionette	INFO	Marionette enabled
1666417991161	Marionette	INFO	Listening on port 57835
Read port: 57835
WebDriver BiDi listening on ws://127.0.0.1:57825
1666417991272	RemoteAgent	WARN	TLS certificate errors will be ignored for this session
console.warn: SearchSettings: "get: No settings file exists, new profile?" (new NotFoundError("Could not open the file at C:\\Users\\Zachary\\AppData\\Local\\Temp\\rust_mozprofile0qZkz4\\search.json.mozlz4", (void 0)))
DevTools listening on ws://127.0.0.1:57825/devtools/browser/c6c85f0a-2d30-421c-acb1-27bb546b5045
JavaScript warning: https://www.trentu.ca/cois/sites/all/modules/jquery_update/replace/jquery/1.10/jquery.min.js?v=1.10.2, line 2: Using //@ to indicate sourceMappingURL pragmas is deprecated. Use //# instead
1666417994590	Marionette	INFO	Stopped listening on port 57835
1666418059885	geckodriver	INFO	Listening on 127.0.0.1:57996
1666418062939	mozrunner::runner	INFO	Running command: "C:\\Program Files\\Mozilla Firefox\\firefox.exe" "--marionette" "--remote-debugging-port" "57997" "--remote-allow-hosts" "localhost" "-no-remote" "-profile" "C:\\Users\\Zachary\\AppData\\Local\\Temp\\rust_mozprofilevw2ss3"
1666418063208	Marionette	INFO	Marionette enabled
1666418063211	Marionette	INFO	Listening on port 58009
Read port: 58009
WebDriver BiDi listening on ws://127.0.0.1:57997
1666418063305	RemoteAgent	WARN	TLS certificate errors will be ignored for this session
console.warn: SearchSettings: "get: No settings file exists, new profile?" (new NotFoundError("Could not open the file at C:\\Users\\Zachary\\AppData\\Local\\Temp\\rust_mozprofilevw2ss3\\search.json.mozlz4", (void 0)))
DevTools listening on ws://127.0.0.1:57997/devtools/browser/924c5c5d-e180-4b85-aa67-786f9d97e98d
JavaScript warning: https://www.trentu.ca/registrar/sites/all/modules/jquery_update/replace/jquery/1.10/jquery.min.js?v=1.10.2, line 2: Using //@ to indicate sourceMappingURL pragmas is deprecated. Use //# instead
JavaScript error: resource://gre/modules/pdfjs.js, line 31: NS_ERROR_FACTORY_NOT_REGISTERED: 
JavaScript error: resource://gre/modules/pdfjs.js, line 31: NS_ERROR_FACTORY_NOT_REGISTERED: 
1666418077463	Marionette	INFO	Stopped listening on port 58009
[Parent 14612, IPC I/O Parent] WARNING: DuplicateHandle failed for handle 0 in TransferHandles: file /builds/worker/checkouts/gecko/ipc/chromium/src/chrome/common/ipc_channel_win.cc:723
1666418114183	geckodriver	INFO	Listening on 127.0.0.1:58466
1666418117236	mozrunner::runner	INFO	Running command: "C:\\Program Files\\Mozilla Firefox\\firefox.exe" "--marionette" "--remote-debugging-port" "58467" "--remote-allow-hosts" "localhost" "-no-remote" "-profile" "C:\\Users\\Zachary\\AppData\\Local\\Temp\\rust_mozprofileMfl6go"
1666418117504	Marionette	INFO	Marionette enabled
1666418117507	Marionette	INFO	Listening on port 58478
Read port: 58478
WebDriver BiDi listening on ws://127.0.0.1:58467
1666418117616	RemoteAgent	WARN	TLS certificate errors will be ignored for this session
console.warn: SearchSettings: "get: No settings file exists, new profile?" (new NotFoundError("Could not open the file at C:\\Users\\Zachary\\AppData\\Local\\Temp\\rust_mozprofileMfl6go\\search.json.mozlz4", (void 0)))
DevTools listening on ws://127.0.0.1:58467/devtools/browser/ef196176-1e60-42f8-942e-e959ad518954
JavaScript warning: https://www.trentu.ca/registrar/sites/all/modules/jquery_update/replace/jquery/1.10/jquery.min.js?v=1.10.2, line 2: Using //@ to indicate sourceMappingURL pragmas is deprecated. Use //# instead
JavaScript error: resource://gre/modules/pdfjs.js, line 31: NS_ERROR_FACTORY_NOT_REGISTERED: 
JavaScript error: resource://gre/modules/pdfjs.js, line 31: NS_ERROR_FACTORY_NOT_REGISTERED: 
1666418131961	Marionette	INFO	Stopped listening on port 58478
